\BOOKMARK [0][]{chapter.1}{\376\377\0001\000\040\000N\000i\000v\000e\000a\000u\000\040\0001}{}% 1
\BOOKMARK [1][]{section*.4}{\376\377\000E\000v\000n\000e\000\040\000b\000e\000s\000k\000r\000i\000v\000e\000l\000s\000e}{chapter.1}% 2
\BOOKMARK [2][]{subsection*.5}{\376\377\000E\000k\000s\000t\000r\000a\000\040\000L\000P\000\040\000N\000i\000v\000.\000\040\0001}{section*.4}% 3
\BOOKMARK [2][]{subsection*.6}{\376\377\000G\000u\000d\000e\000n\000s\000\040\000M\000a\000g\000i\000\040\000N\000i\000v\000.\000\040\0001}{section*.4}% 4
\BOOKMARK [2][]{subsection*.7}{\376\377\000G\000u\000d\000e\000n\000s\000\040\000V\000e\000j\000l\000e\000d\000n\000i\000n\000g}{section*.4}% 5
\BOOKMARK [2][]{subsection*.7}{\376\377\000K\000i\000r\000k\000e\000s\000k\000a\000t\000\040\000N\000i\000v\000.\000\040\0001}{section*.4}% 6
\BOOKMARK [2][]{subsection*.8}{\376\377\000L\000\346\000s\000e\000\040\000o\000g\000\040\000s\000k\000r\000i\000v\000e\000\040\000H\000e\000l\000l\000i\000g}{section*.4}% 7
\BOOKMARK [0][]{chapter.2}{\376\377\0002\000\040\000N\000i\000v\000e\000a\000u\000\040\0002}{}% 8
\BOOKMARK [1][]{section*.11}{\376\377\000E\000v\000n\000e\000\040\000b\000e\000s\000k\000r\000i\000v\000e\000l\000s\000e}{chapter.2}% 9
\BOOKMARK [2][]{subsection*.12}{\376\377\000E\000k\000s\000t\000r\000a\000\040\000N\000K\000\040\000N\000i\000v\000.\000\040\0001}{section*.11}% 10
\BOOKMARK [2][]{subsection*.13}{\376\377\000G\000u\000d\000e\000n\000s\000\040\000M\000a\000g\000i\000\040\000N\000i\000v\000.\000\040\0002}{section*.11}% 11
\BOOKMARK [2][]{subsection*.14}{\376\377\000H\000e\000l\000l\000i\000g\000t\000\040\000v\000\345\000b\000e\000n}{section*.11}% 12
\BOOKMARK [2][]{subsection*.14}{\376\377\000K\000i\000r\000k\000e\000s\000k\000a\000t\000\040\000N\000i\000v\000.\000\040\0002}{section*.11}% 13
\BOOKMARK [0][]{chapter.3}{\376\377\0003\000\040\000N\000i\000v\000e\000a\000u\000\040\0003}{}% 14
\BOOKMARK [1][]{section*.16}{\376\377\000E\000v\000n\000e\000\040\000b\000e\000s\000k\000r\000i\000v\000e\000l\000s\000e}{chapter.3}% 15
\BOOKMARK [2][]{subsection*.17}{\376\377\000E\000k\000s\000t\000r\000a\000\040\000L\000P\000\040\000N\000i\000v\000.\000\040\0002}{section*.16}% 16
\BOOKMARK [2][]{subsection*.18}{\376\377\000G\000u\000d\000e\000n\000s\000\040\000M\000a\000g\000i\000\040\000N\000i\000v\000.\000\040\0003}{section*.16}% 17
\BOOKMARK [2][]{subsection*.18}{\376\377\000K\000i\000r\000k\000e\000s\000k\000a\000t\000\040\000N\000i\000v\000.\000\040\0003}{section*.16}% 18
\BOOKMARK [0][]{chapter.4}{\376\377\0004\000\040\000N\000i\000v\000e\000a\000u\000\040\0004}{}% 19
\BOOKMARK [1][]{section*.19}{\376\377\000E\000v\000n\000e\000\040\000b\000e\000s\000k\000r\000i\000v\000e\000l\000s\000e\000\040\000f\000o\000r\000\040\000Y\000p\000p\000e\000r\000s\000t\000e\000p\000r\000\346\000s\000t}{chapter.4}% 20
\BOOKMARK [2][]{subsection*.20}{\376\377\000E\000k\000s\000t\000r\000a\000\040\000N\000K\000\040\000N\000i\000v\000.\000\040\0002}{section*.19}% 21
\BOOKMARK [2][]{subsection*.21}{\376\377\000K\000a\000r\000d\000i\000n\000a\000l}{section*.19}% 22
\BOOKMARK [2][]{subsection*.22}{\376\377\000G\000u\000d\000e\000n\000s\000\040\000M\000a\000g\000i\000\040\000N\000i\000v\000.\000\040\0004}{section*.19}% 23
\BOOKMARK [2][]{subsection*.23}{\376\377\000G\000u\000d\000e\000n\000s\000\040\000V\000e\000l\000s\000i\000g\000n\000e\000l\000s\000e}{section*.19}% 24
\BOOKMARK [2][]{subsection*.24}{\376\377\000K\000i\000r\000k\000e\000s\000k\000a\000t\000\040\000N\000i\000v\000.\000\040\0004}{section*.19}% 25
\BOOKMARK [1][]{section*.25}{\376\377\000E\000v\000n\000e\000\040\000b\000e\000s\000k\000r\000i\000v\000e\000l\000s\000e\000\040\000f\000o\000r\000\040\000K\000r\000i\000g\000s\000p\000r\000\346\000s\000t}{chapter.4}% 26
\BOOKMARK [2][]{subsection*.26}{\376\377\000B\000r\000u\000g\000\040\000a\000f\000\040\000R\000i\000n\000g\000b\000r\000y\000n\000j\000e\000/\000P\000l\000a\000d\000e\000r\000u\000s\000t\000n\000i\000n\000g}{section*.25}% 27
\BOOKMARK [2][]{subsection*.27}{\376\377\000B\000r\000u\000g\000\040\000a\000f\000\040\000T\000\345\000r\000n\000s\000k\000j\000o\000l\000d}{section*.25}% 28
\BOOKMARK [2][]{subsection*.27}{\376\377\000E\000k\000s\000t\000r\000a\000\040\000L\000P\000\040\000N\000i\000v\000.\000\040\0003}{section*.25}% 29
\BOOKMARK [2][]{subsection*.28}{\376\377\000E\000k\000s\000t\000r\000a\000\040\000N\000K\000\040\000N\000i\000v\000.\000\040\0002}{section*.25}% 30
\BOOKMARK [2][]{subsection*.29}{\376\377\000G\000u\000d\000e\000n\000s\000\040\000V\000\345\000b\000e\000n}{section*.25}% 31
\BOOKMARK [2][]{subsection*.29}{\376\377\000R\000e\000p\000a\000r\000e\000r\000e\000\040\000r\000u\000s\000t\000n\000i\000n\000g\000\040\000N\000i\000v\000.\000\040\0001}{section*.25}% 32
\BOOKMARK [0][]{chapter*.30}{\376\377\000G\000e\000n\000e\000r\000e\000l\000l\000e\000\040\000e\000v\000n\000e\000r}{}% 33
\BOOKMARK [1][]{table.caption.31}{\376\377\000E\000v\000n\000e\000\040\000b\000e\000s\000k\000r\000i\000v\000e\000l\000s\000e}{chapter*.30}% 34
\BOOKMARK [2][]{section*.32}{\376\377\0006\000.\000\040\000s\000a\000n\000s\000\040\000N\000i\000v\000.\000\040\0001}{table.caption.31}% 35
\BOOKMARK [2][]{section*.32}{\376\377\0006\000.\000\040\000s\000a\000n\000s\000\040\000N\000i\000v\000.\000\040\0002}{table.caption.31}% 36
\BOOKMARK [2][]{section*.32}{\376\377\000B\000o\000n\000k}{table.caption.31}% 37
\BOOKMARK [2][]{section*.32}{\376\377\000B\000\346\000r\000e\000\040\000p\000e\000r\000s\000o\000n}{table.caption.31}% 38
\BOOKMARK [2][]{subsection*.33}{\376\377\000F\000\370\000r\000s\000t\000e\000h\000j\000\346\000l\000p}{table.caption.31}% 39
\BOOKMARK [2][]{subsection*.33}{\376\377\000L\000a\000v\000e\000\040\000A\000r\000t\000e\000f\000a\000k\000t\000e\000r}{table.caption.31}% 40
\BOOKMARK [2][]{subsection*.33}{\376\377\000L\000\346\000s\000e\000\040\000o\000g\000\040\000s\000k\000r\000i\000v\000e}{table.caption.31}% 41
\BOOKMARK [2][]{subsection*.33}{\376\377\000M\000i\000n\000e\000a\000r\000b\000e\000j\000d\000e\000r}{table.caption.31}% 42
\BOOKMARK [2][]{subsection*.33}{\376\377\000P\000\345\000f\000\370\000r\000\040\000g\000i\000f\000t}{table.caption.31}% 43
\BOOKMARK [2][]{subsection*.33}{\376\377\000S\000l\000a\000g\000s\000b\000r\000o\000r\000\040\000N\000i\000v\000.\000\040\0001}{table.caption.31}% 44
\BOOKMARK [2][]{subsection*.33}{\376\377\000S\000l\000a\000g\000s\000b\000r\000o\000r\000\040\000N\000i\000v\000.\000\040\0002}{table.caption.31}% 45
\BOOKMARK [2][]{subsection*.33}{\376\377\000S\000l\000a\000g\000s\000b\000r\000o\000r\000\040\000N\000i\000v\000.\000\040\0002}{table.caption.31}% 46
\BOOKMARK [2][]{subsection*.33}{\376\377\000S\000p\000e\000c\000i\000a\000l\000e}{table.caption.31}% 47
\BOOKMARK [2][]{subsection*.33}{\376\377\000U\000n\000i\000v\000e\000r\000s\000e\000t\000s\000\040\000C\000e\000n\000t\000r\000u\000m}{table.caption.31}% 48
\BOOKMARK [2][]{subsection*.34}{\376\377\000U\000r\000t\000e\000s\000a\000m\000l\000e\000r}{table.caption.31}% 49
\BOOKMARK [0][]{chapter.5}{\376\377\0005\000\040\000M\000a\000g\000i\000\040\000f\000o\000r\000\040\000P\000r\000\346\000s\000t}{}% 50
\BOOKMARK [1][]{section*.35}{\376\377\000G\000e\000n\000e\000r\000e\000l\000l\000e\000\040\000r\000e\000g\000l\000e\000r\000\040\000o\000m\000\040\000M\000a\000g\000i}{chapter.5}% 51
\BOOKMARK [2][]{subsection*.36}{\376\377\000M\000a\000g\000i\000e\000n\000s\000\040\000e\000l\000v\000e\000\040\000b\000u\000d}{section*.35}% 52
\BOOKMARK [2][]{subsection*.37}{\376\377\000A\000t\000\040\000k\000a\000s\000t\000e\000\040\000m\000a\000g\000i}{section*.35}% 53
\BOOKMARK [1][]{section*.38}{\376\377\000A\000t\000\040\000s\000p\000i\000l\000l\000e\000\040\000p\000r\000\346\000s\000t}{chapter.5}% 54
\BOOKMARK [1][]{section*.39}{\376\377\000K\000a\000s\000t\000e\000\040\000m\000a\000g\000i\000\040\000s\000o\000m\000\040\000P\000r\000\346\000s\000t}{chapter.5}% 55
\BOOKMARK [1][]{section*.41}{\376\377\000H\000e\000l\000l\000i\000g\000\040\000g\000r\000u\000n\000d}{chapter.5}% 56
\BOOKMARK [1][]{section*.42}{\376\377\000G\000e\000n\000v\000i\000n\000d\000e\000\040\000m\000a\000n\000a\000\040\000s\000o\000m\000\040\000p\000r\000\346\000s\000t}{chapter.5}% 57
\BOOKMARK [1][]{section*.43}{\376\377\000S\000t\000i\000e\000r\000n\000e}{chapter.5}% 58
\BOOKMARK [0][]{chapter.6}{\376\377\0006\000\040\000E\000s\000s\000e\000l\000e\000i\000a}{}% 59
\BOOKMARK [1][]{section*.45}{\376\377\000B\000e\000s\000k\000r\000i\000v\000e\000l\000s\000e}{chapter.6}% 60
\BOOKMARK [1][]{section*.46}{\376\377\000H\000e\000l\000b\000r\000e\000d\000e\000l\000s\000e}{chapter.6}% 61
\BOOKMARK [1][]{section*.47}{\376\377\000I\000n\000d\000r\000e\000\040\000f\000r\000e\000d}{chapter.6}% 62
\BOOKMARK [1][]{section*.48}{\376\377\000M\000o\000n\000i\000s\000m\000e}{chapter.6}% 63
\BOOKMARK [1][]{section*.49}{\376\377\000N\000a\000t\000u\000r\000l\000i\000g\000\040\000h\000a\000r\000m\000o\000n\000i}{chapter.6}% 64
\BOOKMARK [0][]{chapter.7}{\376\377\0007\000\040\000E\000w\000e\000n}{}% 65
\BOOKMARK [1][]{section*.51}{\376\377\000B\000e\000s\000k\000r\000i\000v\000e\000l\000s\000e}{chapter.7}% 66
\BOOKMARK [1][]{section*.52}{\376\377\000H\000e\000l\000b\000r\000e\000d\000e\000l\000s\000e}{chapter.7}% 67
\BOOKMARK [1][]{section*.53}{\376\377\000M\000a\000g\000i\000e\000n\000s\000\040\000f\000o\000n\000t\000\346\000n\000e}{chapter.7}% 68
\BOOKMARK [1][]{section*.54}{\376\377\000M\000a\000g\000i\000e\000n\000s\000\040\000M\000e\000s\000t\000e\000r}{chapter.7}% 69
\BOOKMARK [0][]{chapter.8}{\376\377\0008\000\040\000I\000s\000h\000t\000a\000r}{}% 70
\BOOKMARK [1][]{section*.56}{\376\377\000B\000e\000s\000k\000r\000i\000v\000e\000l\000s\000e}{chapter.8}% 71
\BOOKMARK [1][]{section*.57}{\376\377\000H\000e\000l\000b\000r\000e\000d\000e\000l\000s\000e}{chapter.8}% 72
\BOOKMARK [1][]{section*.58}{\376\377\000I\000s\000h\000t\000a\000r\000s\000\040\000b\000l\000i\000k}{chapter.8}% 73
\BOOKMARK [1][]{section*.59}{\376\377\000H\000v\000i\000d\000\040\000m\000a\000g\000i}{chapter.8}% 74
\BOOKMARK [1][]{section*.60}{\376\377\000H\000e\000l\000l\000i\000g\000\040\000b\000e\000s\000k\000y\000t\000t\000e\000l\000s\000e\000:}{chapter.8}% 75
\BOOKMARK [0][]{chapter.9}{\376\377\0009\000\040\000K\000e\000l\000l\000l\000w\000a\000n}{}% 76
\BOOKMARK [1][]{section*.62}{\376\377\000B\000e\000s\000k\000r\000i\000v\000e\000l\000s\000e}{chapter.9}% 77
\BOOKMARK [1][]{section*.63}{\376\377\000H\000e\000l\000b\000r\000e\000d\000e\000l\000s\000e\000:}{chapter.9}% 78
\BOOKMARK [1][]{section*.64}{\376\377\000H\000e\000l\000l\000i\000g\000t\000\040\000v\000\345\000b\000e\000n}{chapter.9}% 79
\BOOKMARK [2][]{subsection*.65}{\376\377\000K\000e\000l\000l\000l\000w\000a\000n\000s\000\040\000h\000a\000m\000m\000e\000r}{section*.64}% 80
\BOOKMARK [1][]{section*.66}{\376\377\000G\000u\000d\000e\000n\000s\000\040\000r\000e\000t\000f\000\346\000r\000d\000i\000g\000h\000e\000d}{chapter.9}% 81
\BOOKMARK [0][]{chapter.10}{\376\377\0001\0000\000\040\000M\000o\000r\000w\000e\000n}{}% 82
\BOOKMARK [1][]{section*.68}{\376\377\000B\000e\000s\000k\000r\000i\000v\000e\000l\000s\000e}{chapter.10}% 83
\BOOKMARK [1][]{section*.69}{\376\377\000D\000\370\000d\000e\000n\000s\000\040\000n\000\345\000d\000e}{chapter.10}% 84
\BOOKMARK [1][]{section*.70}{\376\377\000T\000i\000d\000e\000n\000s\000\040\000T\000r\000\345\000d}{chapter.10}% 85
\BOOKMARK [2][]{subsection*.71}{\376\377\000D\000\370\000d\000e\000n\000s\000\040\000g\000a\000v\000e}{section*.70}% 86
\BOOKMARK [1][]{section*.72}{\376\377\000S\000k\000a\000t\000t\000e\000r\000\040\000o\000g\000\040\000D\000\370\000d}{chapter.10}% 87
\BOOKMARK [1][]{section*.73}{\376\377\000D\000\370\000d\000e\000n\000s\000\040\000b\000e\000s\000k\000y\000t\000t\000e\000l\000s\000e}{chapter.10}% 88
\BOOKMARK [0][]{chapter.11}{\376\377\0001\0001\000\040\000O\000r\000l\000e\000k}{}% 89
\BOOKMARK [1][]{section*.75}{\376\377\000B\000e\000s\000k\000r\000i\000v\000e\000l\000s\000e}{chapter.11}% 90
\BOOKMARK [1][]{section*.76}{\376\377\000B\000l\000o\000d\000r\000u\000s}{chapter.11}% 91
\BOOKMARK [1][]{section*.77}{\376\377\000L\000i\000v\000e\000t\000s\000\040\000R\000i\000t\000u\000a\000l}{chapter.11}% 92
\BOOKMARK [1][]{section*.78}{\376\377\000O\000r\000l\000e\000k\000s\000\040\000N\000a\000v\000n}{chapter.11}% 93
\BOOKMARK [1][]{section*.79}{\376\377\000O\000r\000l\000e\000k\000s\000\040\000V\000r\000e\000d\000e}{chapter.11}% 94
\BOOKMARK [2][]{subsection*.80}{\376\377\000O\000r\000l\000e\000k\000s\000\040\000n\000\346\000v\000e}{section*.79}% 95
\BOOKMARK [0][]{chapter.12}{\376\377\0001\0002\000\040\000R\000a\000f\000f\000a\000e\000l\000\040\000M\000o\000o\000r\000d\000e\000t}{}% 96
\BOOKMARK [1][]{section*.82}{\376\377\000B\000e\000s\000k\000r\000i\000v\000e\000l\000s\000e}{chapter.12}% 97
\BOOKMARK [1][]{section*.83}{\376\377\000D\000\346\000m\000o\000n\000\040\000b\000l\000o\000d}{chapter.12}% 98
\BOOKMARK [1][]{section*.84}{\376\377\000D\000\346\000m\000o\000n\000e\000r\000n\000e\000s\000\040\000h\000j\000\346\000l\000p}{chapter.12}% 99
\BOOKMARK [2][]{subsection*.85}{\376\377\000V\000i\000l\000l\000i\000g\000t\000\040\000s\000i\000n\000d}{section*.84}% 100
\BOOKMARK [2][]{subsection*.86}{\376\377\000D\000\346\000m\000o\000n\000i\000s\000k\000\040\000b\000e\000r\000\370\000r\000i\000n\000g}{section*.84}% 101
\BOOKMARK [2][]{subsection*.87}{\376\377\000\305\000b\000e\000n\000t\000\040\000S\000i\000n\000d}{section*.84}% 102
\BOOKMARK [2][]{subsection*.88}{\376\377\000B\000u\000n\000d\000e\000t\000\040\000s\000j\000\346\000l}{section*.84}% 103
\BOOKMARK [1][]{section*.89}{\376\377\000D\000\346\000m\000o\000n\000e\000r\000n\000e\000s\000\040\000r\000e\000d\000s\000k\000a\000b}{chapter.12}% 104
\BOOKMARK [2][]{subsection*.90}{\376\377\000L\000i\000v\000s\000\040\000D\000r\000i\000k\000k\000e\000r}{section*.89}% 105
\BOOKMARK [1][]{section*.91}{\376\377\000K\000o\000r\000r\000u\000p\000t\000\040\000b\000e\000s\000k\000y\000t\000t\000e\000l\000s\000e}{chapter.12}% 106
